This is pdfTeX, Version 3.1415926-2.5-1.40.14 (TeX Live 2013/Debian) (format=pdflatex 2015.9.4)  1 JUL 2016 20:13
entering extended mode
 restricted \write18 enabled.
 %&-line parsing enabled.
**Documenta√ß√£o.tex
(./Documenta√ß√£o.tex
LaTeX2e <2011/06/27>
Babel <3.9h> and hyphenation patterns for 3 languages loaded.
(/usr/share/texlive/texmf-dist/tex/latex/base/article.cls
Document Class: article 2007/10/19 v1.4h Standard LaTeX document class
(/usr/share/texlive/texmf-dist/tex/latex/base/size10.clo
File: size10.clo 2007/10/19 v1.4h Standard LaTeX file (size option)
)
\c@part=\count79
\c@section=\count80
\c@subsection=\count81
\c@subsubsection=\count82
\c@paragraph=\count83
\c@subparagraph=\count84
\c@figure=\count85
\c@table=\count86
\abovecaptionskip=\skip41
\belowcaptionskip=\skip42
\bibindent=\dimen102
)
(/usr/share/texlive/texmf-dist/tex/latex/graphics/graphicx.sty
Package: graphicx 1999/02/16 v1.0f Enhanced LaTeX Graphics (DPC,SPQR)

(/usr/share/texlive/texmf-dist/tex/latex/graphics/keyval.sty
Package: keyval 1999/03/16 v1.13 key=value parser (DPC)
\KV@toks@=\toks14
)
(/usr/share/texlive/texmf-dist/tex/latex/graphics/graphics.sty
Package: graphics 2009/02/05 v1.0o Standard LaTeX Graphics (DPC,SPQR)

(/usr/share/texlive/texmf-dist/tex/latex/graphics/trig.sty
Package: trig 1999/03/16 v1.09 sin cos tan (DPC)
)
(/usr/share/texlive/texmf-dist/tex/latex/latexconfig/graphics.cfg
File: graphics.cfg 2010/04/23 v1.9 graphics configuration of TeX Live
)
Package graphics Info: Driver file: pdftex.def on input line 91.

(/usr/share/texlive/texmf-dist/tex/latex/pdftex-def/pdftex.def
File: pdftex.def 2011/05/27 v0.06d Graphics/color for pdfTeX

(/usr/share/texlive/texmf-dist/tex/generic/oberdiek/infwarerr.sty
Package: infwarerr 2010/04/08 v1.3 Providing info/warning/error messages (HO)
)
(/usr/share/texlive/texmf-dist/tex/generic/oberdiek/ltxcmds.sty
Package: ltxcmds 2011/11/09 v1.22 LaTeX kernel commands for general use (HO)
)
\Gread@gobject=\count87
))
\Gin@req@height=\dimen103
\Gin@req@width=\dimen104
)
(./Documenta√ß√£o.aux)
\openout1 = `Documenta√ß√£o.aux'.

LaTeX Font Info:    Checking defaults for OML/cmm/m/it on input line 3.
LaTeX Font Info:    ... okay on input line 3.
LaTeX Font Info:    Checking defaults for T1/cmr/m/n on input line 3.
LaTeX Font Info:    ... okay on input line 3.
LaTeX Font Info:    Checking defaults for OT1/cmr/m/n on input line 3.
LaTeX Font Info:    ... okay on input line 3.
LaTeX Font Info:    Checking defaults for OMS/cmsy/m/n on input line 3.
LaTeX Font Info:    ... okay on input line 3.
LaTeX Font Info:    Checking defaults for OMX/cmex/m/n on input line 3.
LaTeX Font Info:    ... okay on input line 3.
LaTeX Font Info:    Checking defaults for U/cmr/m/n on input line 3.
LaTeX Font Info:    ... okay on input line 3.

(/usr/share/texlive/texmf-dist/tex/context/base/supp-pdf.mkii
[Loading MPS to PDF converter (version 2006.09.02).]
\scratchcounter=\count88
\scratchdimen=\dimen105
\scratchbox=\box26
\nofMPsegments=\count89
\nofMParguments=\count90
\everyMPshowfont=\toks15
\MPscratchCnt=\count91
\MPscratchDim=\dimen106
\MPnumerator=\count92
\makeMPintoPDFobject=\count93
\everyMPtoPDFconversion=\toks16
) (/usr/share/texlive/texmf-dist/tex/generic/oberdiek/pdftexcmds.sty
Package: pdftexcmds 2011/11/29 v0.20 Utility functions of pdfTeX for LuaTeX (HO
)

(/usr/share/texlive/texmf-dist/tex/generic/oberdiek/ifluatex.sty
Package: ifluatex 2010/03/01 v1.3 Provides the ifluatex switch (HO)
Package ifluatex Info: LuaTeX not detected.
)
(/usr/share/texlive/texmf-dist/tex/generic/oberdiek/ifpdf.sty
Package: ifpdf 2011/01/30 v2.3 Provides the ifpdf switch (HO)
Package ifpdf Info: pdfTeX in PDF mode is detected.
)
Package pdftexcmds Info: LuaTeX not detected.
Package pdftexcmds Info: \pdf@primitive is available.
Package pdftexcmds Info: \pdf@ifprimitive is available.
Package pdftexcmds Info: \pdfdraftmode found.
)
(/usr/share/texlive/texmf-dist/tex/latex/oberdiek/epstopdf-base.sty
Package: epstopdf-base 2010/02/09 v2.5 Base part for package epstopdf

(/usr/share/texlive/texmf-dist/tex/latex/oberdiek/grfext.sty
Package: grfext 2010/08/19 v1.1 Manage graphics extensions (HO)

(/usr/share/texlive/texmf-dist/tex/generic/oberdiek/kvdefinekeys.sty
Package: kvdefinekeys 2011/04/07 v1.3 Define keys (HO)
))
(/usr/share/texlive/texmf-dist/tex/latex/oberdiek/kvoptions.sty
Package: kvoptions 2011/06/30 v3.11 Key value format for package options (HO)

(/usr/share/texlive/texmf-dist/tex/generic/oberdiek/kvsetkeys.sty
Package: kvsetkeys 2012/04/25 v1.16 Key value parser (HO)

(/usr/share/texlive/texmf-dist/tex/generic/oberdiek/etexcmds.sty
Package: etexcmds 2011/02/16 v1.5 Avoid name clashes with e-TeX commands (HO)
Package etexcmds Info: Could not find \expanded.
(etexcmds)             That can mean that you are not using pdfTeX 1.50 or
(etexcmds)             that some package has redefined \expanded.
(etexcmds)             In the latter case, load this package earlier.
)))
Package grfext Info: Graphics extension search list:
(grfext)             [.png,.pdf,.jpg,.mps,.jpeg,.jbig2,.jb2,.PNG,.PDF,.JPG,.JPE
G,.JBIG2,.JB2,.eps]
(grfext)             \AppendGraphicsExtensions on input line 452.

(/usr/share/texlive/texmf-dist/tex/latex/latexconfig/epstopdf-sys.cfg
File: epstopdf-sys.cfg 2010/07/13 v1.3 Configuration of (r)epstopdf for TeX Liv
e
))

! LaTeX Error: Environment enviroment undefined.

See the LaTeX manual or LaTeX Companion for explanation.
Type  H <return>  for immediate help.
 ...                                              
                                                  
l.5 \begin{enviroment}
                      
? s
OK, entering \scrollmode...

! LaTeX Error: \begin{document} ended by \end{enviroment}.

See the LaTeX manual or LaTeX Companion for explanation.
Type  H <return>  for immediate help.
 ...                                              
                                                  
l.6 \end{enviroment}
                    
Your command was ignored.
Type  I <command> <return>  to replace it with another command,
or  <return>  to continue without it.

! Missing } inserted.
<inserted text> 
                }
l.11 \end{center}
                 
I've inserted something that you may have forgotten.
(See the <inserted text> above.)
With luck, this will get me unwedged. But if you
really didn't forget anything, try typing `2' now; then
my insertion and my current dilemma will both disappear.

! Missing } inserted.
<inserted text> 
                }
l.20 \end{center}
                 
I've inserted something that you may have forgotten.
(See the <inserted text> above.)
With luck, this will get me unwedged. But if you
really didn't forget anything, try typing `2' now; then
my insertion and my current dilemma will both disappear.

LaTeX Font Info:    External font `cmex10' loaded for size
(Font)              <7> on input line 35.
LaTeX Font Info:    External font `cmex10' loaded for size
(Font)              <5> on input line 35.
[1

{/var/lib/texmf/fonts/map/pdftex/updmap/pdftex.map}] (./Documenta√ß√£o.toc)
\tf@toc=\write3
\openout3 = `Documenta√ß√£o.toc'.


[1] [2]
Overfull \hbox (15.58394pt too wide) in paragraph at lines 59--61
 [] \OT1/cmr/m/n/10 Este tra-balho tem como ob-je-tivo en-ten-der e com-parar d
i-ver-sos m^^Setodos num^^Sericos
 []

[3] <Vandermonde.jpg, id=18, 555.07375pt x 308.15125pt>
File: Vandermonde.jpg Graphic file (type jpg)
 <use Vandermonde.jpg>
Package pdftex.def Info: Vandermonde.jpg used on input line 72.
(pdftex.def)             Requested size: 345.0pt x 191.53139pt.

[4 <./Vandermonde.jpg>]
Missing character: There is no √ in font cmr10!
Missing character: There is no ß in font cmr10!
Missing character: There is no √ in font cmr10!
Missing character: There is no £ in font cmr10!


LaTeX Warning: File `Splines.jpg' not found on input line 80.


! Package pdftex.def Error: File `Splines.jpg' not found.

See the pdftex.def package documentation for explanation.
Type  H <return>  for immediate help.
 ...                                              
                                                  
l.80 ...udegraphics[width=\linewidth]{Splines.jpg}
                                                  
Using draft setting for this image.
Try typing  <return>  to proceed.
If that doesn't work, type  X <return>  to quit.


Overfull \hbox (3.02843pt too wide) in paragraph at lines 77--83
\OT1/cmr/m/n/10 C^^Sodigo fonte que de-screve o m^^Setodo de in-ter-po-lao poli
-no-mial por Splines C^^Subicos,
 []

[5] <Trapezio.jpg, id=26, 368.37625pt x 136.51pt>
File: Trapezio.jpg Graphic file (type jpg)
 <use Trapezio.jpg>
Package pdftex.def Info: Trapezio.jpg used on input line 89.
(pdftex.def)             Requested size: 345.0pt x 127.84657pt.
 [6 <./Trapezio.jpg>]
Missing character: There is no √ in font cmr10!
Missing character: There is no ß in font cmr10!
Missing character: There is no √ in font cmr10!
Missing character: There is no £ in font cmr10!
 <Simpson.jpg, id=31, 560.0925pt x 300.12125pt>
File: Simpson.jpg Graphic file (type jpg)
 <use Simpson.jpg>
Package pdftex.def Info: Simpson.jpg used on input line 97.
(pdftex.def)             Requested size: 345.0pt x 184.87343pt.

Overfull \hbox (11.77846pt too wide) in paragraph at lines 94--100
\OT1/cmr/m/n/10 C^^Sodigo fonte que de-screve o m^^Setodo de Simp-son de in-te-
grao, dado a fun^^Xc~ao(funcao),
 []

[7 <./Simpson.jpg>] <TabelaInts.jpg, id=35, 485.815pt x 452.69125pt>
File: TabelaInts.jpg Graphic file (type jpg)

<use TabelaInts.jpg>
Package pdftex.def Info: TabelaInts.jpg used on input line 106.
(pdftex.def)             Requested size: 345.0pt x 321.4752pt.
 [8 <./TabelaInts.jpg>]

LaTeX Warning: File `Graficos.jpg' not found on input line 112.


! Package pdftex.def Error: File `Graficos.jpg' not found.

See the pdftex.def package documentation for explanation.
Type  H <return>  for immediate help.
 ...                                              
                                                  
l.112 ...egraphics[width=\linewidth]{Graficos.jpg}
                                                  
Using draft setting for this image.
Try typing  <return>  to proceed.
If that doesn't work, type  X <return>  to quit.

[9]
LaTeX Font Info:    Try loading font information for OMS+cmr on input line 119.

 (/usr/share/texlive/texmf-dist/tex/latex/base/omscmr.fd
File: omscmr.fd 1999/05/25 v2.5h Standard LaTeX font definitions
)
LaTeX Font Info:    Font shape `OMS/cmr/m/n' in size <10> not available
(Font)              Font shape `OMS/cmsy/m/n' tried instead on input line 119.

Overfull \hbox (13.18419pt too wide) in paragraph at lines 121--122
[]\OT1/cmr/m/n/10 https://pt.wikipedia.org/wiki/Integra%C3%A7%C3%A3o[]num%C3%A9
rica 
 []

[10] (./Documenta√ß√£o.aux) ) 
Here is how much of TeX's memory you used:
 1525 strings out of 495004
 21870 string characters out of 6180663
 74241 words of memory out of 5000000
 4749 multiletter control sequences out of 15000+600000
 5932 words of font info for 22 fonts, out of 8000000 for 9000
 16 hyphenation exceptions out of 8191
 37i,6n,23p,242b,225s stack positions out of 5000i,500n,10000p,200000b,80000s
</usr/share/texlive/texmf-dist/fonts/type1/public/
amsfonts/cm/cmbx10.pfb></usr/share/texlive/texmf-dist/fonts/type1/public/amsfon
ts/cm/cmbx12.pfb></usr/share/texlive/texmf-dist/fonts/type1/public/amsfonts/cm/
cmr10.pfb></usr/share/texlive/texmf-dist/fonts/type1/public/amsfonts/cm/cmsy10.
pfb></usr/share/texlive/texmf-dist/fonts/type1/public/amsfonts/cm/cmtt10.pfb>
Output written on Documenta√ß√£o.pdf (11 pages, 225026 bytes).
PDF statistics:
 64 PDF objects out of 1000 (max. 8388607)
 41 compressed objects within 1 object stream
 0 named destinations out of 1000 (max. 500000)
 21 words of extra memory for PDF output out of 10000 (max. 10000000)

